<?xml version="1.0" encoding="UTF-8"?>
<!-- Generated by org.testng.reporters.JUnitReportReporter -->
<testsuite skipped="0" hostname="INDPRFTCPL138" name="Test.CrossBrowserTesting" tests="2" failures="0" timestamp="2023-03-27T22:08:56 IST" time="23.403" errors="0">
  <testcase name="main" time="12.666" classname="Test.CrossBrowserTesting"/>
  <testcase name="main" time="10.737" classname="Test.CrossBrowserTesting"/>
</testsuite> <!-- Test.CrossBrowserTesting -->
